Using device: cuda | num_classes=14
Label mapping: {0: 0, 1: 1, 6: 2, 7: 3, 9: 4, 12: 5, 14: 6, 15: 7, 16: 8, 24: 9, 30: 10, 31: 11, 32: 12, 33: 13}
Params set by AI: DeviceGroupedConvFwdMultipleABD_Xdl_CShuffle<256, 128, 64, 16, OddC, 32, 32, 2, 1, 4, 4, 4, 1, 1, 1>
Params set by AI: DeviceGroupedConvFwdMultipleABD_Xdl_CShuffle<256, 128, 128, 16, Default, 32, 32, 2, 2, 1, 1, 4, 1, 1, 1>
Epoch [1/90] Train Loss: 2.6321 | Train Acc: 0.0810 | Val Loss: 2.6407 | Val Acc: 0.0714
Epoch [2/90] Train Loss: 2.6207 | Train Acc: 0.0795 | Val Loss: 2.6447 | Val Acc: 0.0714
Epoch [3/90] Train Loss: 2.6134 | Train Acc: 0.0799 | Val Loss: 2.6495 | Val Acc: 0.0807
Epoch [4/90] Train Loss: 2.6086 | Train Acc: 0.0782 | Val Loss: 2.6547 | Val Acc: 0.0714
Epoch [5/90] Train Loss: 2.6056 | Train Acc: 0.0826 | Val Loss: 2.6595 | Val Acc: 0.0714
Epoch [6/90] Train Loss: 2.6036 | Train Acc: 0.0813 | Val Loss: 2.6639 | Val Acc: 0.0714
Epoch [7/90] Train Loss: 2.6025 | Train Acc: 0.0819 | Val Loss: 2.6678 | Val Acc: 0.1225
Epoch [8/90] Train Loss: 2.6017 | Train Acc: 0.0788 | Val Loss: 2.6709 | Val Acc: 0.1196
Epoch [9/90] Train Loss: 2.6012 | Train Acc: 0.0833 | Val Loss: 2.6735 | Val Acc: 0.1150
Epoch [10/90] Train Loss: 2.6009 | Train Acc: 0.0820 | Val Loss: 2.6759 | Val Acc: 0.1150
Epoch [11/90] Train Loss: 2.6007 | Train Acc: 0.0866 | Val Loss: 2.6774 | Val Acc: 0.0764
Epoch [12/90] Train Loss: 2.6006 | Train Acc: 0.0826 | Val Loss: 2.6787 | Val Acc: 0.0829
Epoch [13/90] Train Loss: 2.6005 | Train Acc: 0.0896 | Val Loss: 2.6796 | Val Acc: 0.1118
Epoch [14/90] Train Loss: 2.6004 | Train Acc: 0.0902 | Val Loss: 2.6802 | Val Acc: 0.0957
Epoch [15/90] Train Loss: 2.6003 | Train Acc: 0.0892 | Val Loss: 2.6807 | Val Acc: 0.1046
Epoch [16/90] Train Loss: 2.6000 | Train Acc: 0.0927 | Val Loss: 2.6807 | Val Acc: 0.0975
Epoch [17/90] Train Loss: 2.5998 | Train Acc: 0.0885 | Val Loss: 2.6807 | Val Acc: 0.1236
Epoch [18/90] Train Loss: 2.5994 | Train Acc: 0.0942 | Val Loss: 2.6803 | Val Acc: 0.0882
Epoch [19/90] Train Loss: 2.5987 | Train Acc: 0.0906 | Val Loss: 2.6795 | Val Acc: 0.0807
Epoch [20/90] Train Loss: 2.5973 | Train Acc: 0.1072 | Val Loss: 2.6776 | Val Acc: 0.0871
Epoch [21/90] Train Loss: 2.5930 | Train Acc: 0.0932 | Val Loss: 2.6699 | Val Acc: 0.0793
Epoch [22/90] Train Loss: 2.5752 | Train Acc: 0.0940 | Val Loss: 2.6407 | Val Acc: 0.0986
Epoch [23/90] Train Loss: 2.5345 | Train Acc: 0.1280 | Val Loss: 2.5999 | Val Acc: 0.1264
Epoch [24/90] Train Loss: 2.4980 | Train Acc: 0.1509 | Val Loss: 2.5593 | Val Acc: 0.1300
Epoch [25/90] Train Loss: 2.4572 | Train Acc: 0.1551 | Val Loss: 2.5186 | Val Acc: 0.1425
Epoch [26/90] Train Loss: 2.4166 | Train Acc: 0.1581 | Val Loss: 2.4766 | Val Acc: 0.1371
Epoch [27/90] Train Loss: 2.3721 | Train Acc: 0.1620 | Val Loss: 2.4529 | Val Acc: 0.1561
Epoch [28/90] Train Loss: 2.3404 | Train Acc: 0.1706 | Val Loss: 2.4735 | Val Acc: 0.1364
Epoch [29/90] Train Loss: 2.3281 | Train Acc: 0.1808 | Val Loss: 2.4214 | Val Acc: 0.1571
Epoch [30/90] Train Loss: 2.2784 | Train Acc: 0.2039 | Val Loss: 2.3517 | Val Acc: 0.2039
Epoch [31/90] Train Loss: 2.2309 | Train Acc: 0.2293 | Val Loss: 2.3159 | Val Acc: 0.2082
Epoch [32/90] Train Loss: 2.1748 | Train Acc: 0.2451 | Val Loss: 2.3005 | Val Acc: 0.2096
Epoch [33/90] Train Loss: 2.1657 | Train Acc: 0.2493 | Val Loss: 2.2737 | Val Acc: 0.2275
Epoch [34/90] Train Loss: 2.1290 | Train Acc: 0.2644 | Val Loss: 2.2293 | Val Acc: 0.2457
Epoch [35/90] Train Loss: 2.0950 | Train Acc: 0.2821 | Val Loss: 2.1980 | Val Acc: 0.2661
Epoch [36/90] Train Loss: 2.0577 | Train Acc: 0.2967 | Val Loss: 2.2369 | Val Acc: 0.2657
Epoch [37/90] Train Loss: 2.0439 | Train Acc: 0.3041 | Val Loss: 2.1156 | Val Acc: 0.2793
Epoch [38/90] Train Loss: 2.0134 | Train Acc: 0.3165 | Val Loss: 2.1446 | Val Acc: 0.2779
Epoch [39/90] Train Loss: 1.9903 | Train Acc: 0.3237 | Val Loss: 2.0732 | Val Acc: 0.2982
Epoch [40/90] Train Loss: 1.9707 | Train Acc: 0.3308 | Val Loss: 2.1438 | Val Acc: 0.2871
Epoch [41/90] Train Loss: 1.9599 | Train Acc: 0.3383 | Val Loss: 2.0693 | Val Acc: 0.2968
Epoch [42/90] Train Loss: 1.9237 | Train Acc: 0.3471 | Val Loss: 2.0465 | Val Acc: 0.3068
Epoch [43/90] Train Loss: 1.9036 | Train Acc: 0.3551 | Val Loss: 2.0365 | Val Acc: 0.3104
Epoch [44/90] Train Loss: 1.8946 | Train Acc: 0.3594 | Val Loss: 2.0199 | Val Acc: 0.3221
Epoch [45/90] Train Loss: 1.8583 | Train Acc: 0.3667 | Val Loss: 1.9686 | Val Acc: 0.3196
Epoch [46/90] Train Loss: 1.8562 | Train Acc: 0.3689 | Val Loss: 2.1313 | Val Acc: 0.3054
Epoch [47/90] Train Loss: 1.7974 | Train Acc: 0.3878 | Val Loss: 2.0511 | Val Acc: 0.3157
Epoch [48/90] Train Loss: 1.7925 | Train Acc: 0.3851 | Val Loss: 1.9080 | Val Acc: 0.3507
Epoch [49/90] Train Loss: 1.7760 | Train Acc: 0.3922 | Val Loss: 2.0339 | Val Acc: 0.3189
Epoch [50/90] Train Loss: 1.7377 | Train Acc: 0.4091 | Val Loss: 1.8985 | Val Acc: 0.3579
Epoch [51/90] Train Loss: 1.7203 | Train Acc: 0.4064 | Val Loss: 1.8337 | Val Acc: 0.3729
Epoch [52/90] Train Loss: 1.6927 | Train Acc: 0.4148 | Val Loss: 1.8864 | Val Acc: 0.3625
Epoch [53/90] Train Loss: 1.6431 | Train Acc: 0.4284 | Val Loss: 1.7803 | Val Acc: 0.3900
Epoch [54/90] Train Loss: 1.6508 | Train Acc: 0.4384 | Val Loss: 1.8101 | Val Acc: 0.3800
Epoch [55/90] Train Loss: 1.6284 | Train Acc: 0.4422 | Val Loss: 1.8234 | Val Acc: 0.3793
Epoch [56/90] Train Loss: 1.5764 | Train Acc: 0.4567 | Val Loss: 1.7558 | Val Acc: 0.3932
Epoch [57/90] Train Loss: 1.5573 | Train Acc: 0.4658 | Val Loss: 1.7703 | Val Acc: 0.4000
Epoch [58/90] Train Loss: 1.5343 | Train Acc: 0.4753 | Val Loss: 1.7346 | Val Acc: 0.4046
Epoch [59/90] Train Loss: 1.5014 | Train Acc: 0.4897 | Val Loss: 1.8428 | Val Acc: 0.3821
Epoch [60/90] Train Loss: 1.4983 | Train Acc: 0.4874 | Val Loss: 1.6811 | Val Acc: 0.4293
Epoch [61/90] Train Loss: 1.4675 | Train Acc: 0.4975 | Val Loss: 1.8086 | Val Acc: 0.4157
Epoch [62/90] Train Loss: 1.4194 | Train Acc: 0.5169 | Val Loss: 1.6850 | Val Acc: 0.4311
Epoch [63/90] Train Loss: 1.4176 | Train Acc: 0.5214 | Val Loss: 1.6624 | Val Acc: 0.4346
Epoch [64/90] Train Loss: 1.3928 | Train Acc: 0.5318 | Val Loss: 1.7318 | Val Acc: 0.4379
Epoch [65/90] Train Loss: 1.3426 | Train Acc: 0.5400 | Val Loss: 1.6222 | Val Acc: 0.4493
Epoch [66/90] Train Loss: 1.3195 | Train Acc: 0.5547 | Val Loss: 1.6050 | Val Acc: 0.4575
Epoch [67/90] Train Loss: 1.2516 | Train Acc: 0.5805 | Val Loss: 1.5525 | Val Acc: 0.4829
Epoch [68/90] Train Loss: 1.2387 | Train Acc: 0.5823 | Val Loss: 1.4923 | Val Acc: 0.4946
Epoch [69/90] Train Loss: 1.2225 | Train Acc: 0.5878 | Val Loss: 1.5310 | Val Acc: 0.4904
Epoch [70/90] Train Loss: 1.1909 | Train Acc: 0.5958 | Val Loss: 1.4819 | Val Acc: 0.4957
Epoch [71/90] Train Loss: 1.1435 | Train Acc: 0.6101 | Val Loss: 1.6110 | Val Acc: 0.4854
Epoch [72/90] Train Loss: 1.1152 | Train Acc: 0.6232 | Val Loss: 1.4025 | Val Acc: 0.5307
Epoch [73/90] Train Loss: 1.0554 | Train Acc: 0.6439 | Val Loss: 1.5630 | Val Acc: 0.5043
Epoch [74/90] Train Loss: 1.0614 | Train Acc: 0.6411 | Val Loss: 1.4535 | Val Acc: 0.5111
Epoch [75/90] Train Loss: 1.0137 | Train Acc: 0.6549 | Val Loss: 1.3870 | Val Acc: 0.5354
Epoch [76/90] Train Loss: 0.9969 | Train Acc: 0.6614 | Val Loss: 1.4086 | Val Acc: 0.5443
Epoch [77/90] Train Loss: 0.9567 | Train Acc: 0.6733 | Val Loss: 1.5365 | Val Acc: 0.5143
Epoch [78/90] Train Loss: 0.9560 | Train Acc: 0.6761 | Val Loss: 1.4280 | Val Acc: 0.5461
Epoch [79/90] Train Loss: 0.9073 | Train Acc: 0.6933 | Val Loss: 1.7646 | Val Acc: 0.4882
Epoch [80/90] Train Loss: 0.8744 | Train Acc: 0.7086 | Val Loss: 1.3242 | Val Acc: 0.5746
Epoch [81/90] Train Loss: 0.8396 | Train Acc: 0.7180 | Val Loss: 1.2858 | Val Acc: 0.5875
Epoch [82/90] Train Loss: 0.8141 | Train Acc: 0.7219 | Val Loss: 1.3753 | Val Acc: 0.5629
Epoch [83/90] Train Loss: 0.7937 | Train Acc: 0.7286 | Val Loss: 1.5898 | Val Acc: 0.5311
Epoch [84/90] Train Loss: 0.7610 | Train Acc: 0.7422 | Val Loss: 1.5036 | Val Acc: 0.5514
Epoch [85/90] Train Loss: 0.7234 | Train Acc: 0.7540 | Val Loss: 1.4010 | Val Acc: 0.5614
Epoch [86/90] Train Loss: 0.7141 | Train Acc: 0.7581 | Val Loss: 1.3905 | Val Acc: 0.5846
Epoch [87/90] Train Loss: 0.6807 | Train Acc: 0.7679 | Val Loss: 1.3875 | Val Acc: 0.5971
Epoch [88/90] Train Loss: 0.6304 | Train Acc: 0.7879 | Val Loss: 1.8570 | Val Acc: 0.4846
Epoch [89/90] Train Loss: 0.6158 | Train Acc: 0.7877 | Val Loss: 1.5178 | Val Acc: 0.5618
Epoch [90/90] Train Loss: 0.5769 | Train Acc: 0.8015 | Val Loss: 1.4369 | Val Acc: 0.5839
Finished training in 1094.220 seconds
