Using device: cuda | num_classes=14
Label mapping: {0: 0, 1: 1, 6: 2, 7: 3, 9: 4, 12: 5, 14: 6, 15: 7, 16: 8, 24: 9, 30: 10, 31: 11, 32: 12, 33: 13}
Params set by AI: DeviceGroupedConvFwdMultipleABD_Xdl_CShuffle<256, 128, 64, 16, OddC, 32, 32, 2, 1, 4, 4, 4, 1, 1, 1>
Params set by AI: DeviceGroupedConvFwdMultipleABD_Xdl_CShuffle<256, 128, 128, 16, Default, 32, 32, 2, 2, 1, 1, 4, 1, 1, 1>
Epoch [1/90] Train Loss: 2.6392 | Train Acc: 0.0679 | Val Loss: 2.6390 | Val Acc: 0.0714
Epoch [2/90] Train Loss: 2.6392 | Train Acc: 0.0679 | Val Loss: 2.6390 | Val Acc: 0.1075
Epoch [3/90] Train Loss: 2.6391 | Train Acc: 0.0673 | Val Loss: 2.6389 | Val Acc: 0.0757
Epoch [4/90] Train Loss: 2.6391 | Train Acc: 0.0726 | Val Loss: 2.6388 | Val Acc: 0.1064
Epoch [5/90] Train Loss: 2.6390 | Train Acc: 0.0759 | Val Loss: 2.6388 | Val Acc: 0.0789
Epoch [6/90] Train Loss: 2.6389 | Train Acc: 0.0781 | Val Loss: 2.6387 | Val Acc: 0.1025
Epoch [7/90] Train Loss: 2.6388 | Train Acc: 0.0796 | Val Loss: 2.6386 | Val Acc: 0.1029
Epoch [8/90] Train Loss: 2.6387 | Train Acc: 0.0744 | Val Loss: 2.6384 | Val Acc: 0.0982
Epoch [9/90] Train Loss: 2.6386 | Train Acc: 0.0872 | Val Loss: 2.6383 | Val Acc: 0.1071
Epoch [10/90] Train Loss: 2.6384 | Train Acc: 0.0806 | Val Loss: 2.6381 | Val Acc: 0.1079
Epoch [11/90] Train Loss: 2.6382 | Train Acc: 0.0886 | Val Loss: 2.6378 | Val Acc: 0.1429
Epoch [12/90] Train Loss: 2.6379 | Train Acc: 0.0979 | Val Loss: 2.6373 | Val Acc: 0.1132
Epoch [13/90] Train Loss: 2.6374 | Train Acc: 0.0998 | Val Loss: 2.6367 | Val Acc: 0.1250
Epoch [14/90] Train Loss: 2.6366 | Train Acc: 0.1004 | Val Loss: 2.6354 | Val Acc: 0.1286
Epoch [15/90] Train Loss: 2.6349 | Train Acc: 0.1114 | Val Loss: 2.6325 | Val Acc: 0.1086
Epoch [16/90] Train Loss: 2.6276 | Train Acc: 0.0878 | Val Loss: 2.6161 | Val Acc: 0.0832
Epoch [17/90] Train Loss: 2.5925 | Train Acc: 0.0988 | Val Loss: 2.5703 | Val Acc: 0.1111
Epoch [18/90] Train Loss: 2.5476 | Train Acc: 0.1190 | Val Loss: 2.5237 | Val Acc: 0.1179
Epoch [19/90] Train Loss: 2.5043 | Train Acc: 0.1296 | Val Loss: 2.5062 | Val Acc: 0.1336
Epoch [20/90] Train Loss: 2.4667 | Train Acc: 0.1339 | Val Loss: 2.4479 | Val Acc: 0.1361
Epoch [21/90] Train Loss: 2.4410 | Train Acc: 0.1392 | Val Loss: 2.4217 | Val Acc: 0.1357
Epoch [22/90] Train Loss: 2.4079 | Train Acc: 0.1461 | Val Loss: 2.5125 | Val Acc: 0.1129
Epoch [23/90] Train Loss: 2.3944 | Train Acc: 0.1467 | Val Loss: 2.3967 | Val Acc: 0.1511
Epoch [24/90] Train Loss: 2.3758 | Train Acc: 0.1476 | Val Loss: 2.3911 | Val Acc: 0.1639
Epoch [25/90] Train Loss: 2.3540 | Train Acc: 0.1505 | Val Loss: 2.3443 | Val Acc: 0.1654
Epoch [26/90] Train Loss: 2.3407 | Train Acc: 0.1604 | Val Loss: 2.3552 | Val Acc: 0.1671
Epoch [27/90] Train Loss: 2.3254 | Train Acc: 0.1594 | Val Loss: 2.3299 | Val Acc: 0.1711
Epoch [28/90] Train Loss: 2.3036 | Train Acc: 0.1702 | Val Loss: 2.3347 | Val Acc: 0.1614
Epoch [29/90] Train Loss: 2.3161 | Train Acc: 0.1636 | Val Loss: 2.3300 | Val Acc: 0.1793
Epoch [30/90] Train Loss: 2.2764 | Train Acc: 0.1771 | Val Loss: 2.2953 | Val Acc: 0.1882
Epoch [31/90] Train Loss: 2.2694 | Train Acc: 0.1835 | Val Loss: 2.2654 | Val Acc: 0.1821
Epoch [32/90] Train Loss: 2.2317 | Train Acc: 0.1983 | Val Loss: 2.3082 | Val Acc: 0.1861
Epoch [33/90] Train Loss: 2.1744 | Train Acc: 0.2190 | Val Loss: 2.2509 | Val Acc: 0.2379
Epoch [34/90] Train Loss: 2.1241 | Train Acc: 0.2309 | Val Loss: 2.1619 | Val Acc: 0.2396
Epoch [35/90] Train Loss: 2.1098 | Train Acc: 0.2442 | Val Loss: 2.1013 | Val Acc: 0.2536
Epoch [36/90] Train Loss: 2.0620 | Train Acc: 0.2538 | Val Loss: 2.1298 | Val Acc: 0.2475
Epoch [37/90] Train Loss: 2.0284 | Train Acc: 0.2696 | Val Loss: 2.0819 | Val Acc: 0.2432
Epoch [38/90] Train Loss: 2.0083 | Train Acc: 0.2756 | Val Loss: 1.9671 | Val Acc: 0.2946
Epoch [39/90] Train Loss: 1.9720 | Train Acc: 0.2943 | Val Loss: 1.9528 | Val Acc: 0.2971
Epoch [40/90] Train Loss: 1.9035 | Train Acc: 0.3128 | Val Loss: 1.9058 | Val Acc: 0.3104
Epoch [41/90] Train Loss: 1.8766 | Train Acc: 0.3250 | Val Loss: 1.9759 | Val Acc: 0.3164
Epoch [42/90] Train Loss: 1.8282 | Train Acc: 0.3367 | Val Loss: 1.8363 | Val Acc: 0.3414
Epoch [43/90] Train Loss: 1.8208 | Train Acc: 0.3421 | Val Loss: 1.8110 | Val Acc: 0.3479
Epoch [44/90] Train Loss: 1.7934 | Train Acc: 0.3598 | Val Loss: 1.8685 | Val Acc: 0.3364
Epoch [45/90] Train Loss: 1.7491 | Train Acc: 0.3707 | Val Loss: 1.7782 | Val Acc: 0.3757
Epoch [46/90] Train Loss: 1.7295 | Train Acc: 0.3844 | Val Loss: 1.8444 | Val Acc: 0.3596
Epoch [47/90] Train Loss: 1.6987 | Train Acc: 0.3893 | Val Loss: 1.8719 | Val Acc: 0.3579
Epoch [48/90] Train Loss: 1.6860 | Train Acc: 0.4010 | Val Loss: 1.8270 | Val Acc: 0.3668
Epoch [49/90] Train Loss: 1.6536 | Train Acc: 0.4107 | Val Loss: 1.6985 | Val Acc: 0.4036
Epoch [50/90] Train Loss: 1.5971 | Train Acc: 0.4293 | Val Loss: 1.6707 | Val Acc: 0.4168
Epoch [51/90] Train Loss: 1.5820 | Train Acc: 0.4404 | Val Loss: 1.7127 | Val Acc: 0.4111
Epoch [52/90] Train Loss: 1.5562 | Train Acc: 0.4501 | Val Loss: 1.8191 | Val Acc: 0.3950
Epoch [53/90] Train Loss: 1.5301 | Train Acc: 0.4591 | Val Loss: 1.6210 | Val Acc: 0.4407
Epoch [54/90] Train Loss: 1.4811 | Train Acc: 0.4713 | Val Loss: 1.6589 | Val Acc: 0.4254
Epoch [55/90] Train Loss: 1.4568 | Train Acc: 0.4841 | Val Loss: 1.6031 | Val Acc: 0.4432
Epoch [56/90] Train Loss: 1.4011 | Train Acc: 0.5088 | Val Loss: 1.5841 | Val Acc: 0.4593
Epoch [57/90] Train Loss: 1.3878 | Train Acc: 0.5117 | Val Loss: 1.5524 | Val Acc: 0.4746
Epoch [58/90] Train Loss: 1.3777 | Train Acc: 0.5123 | Val Loss: 1.5391 | Val Acc: 0.4675
Epoch [59/90] Train Loss: 1.3342 | Train Acc: 0.5315 | Val Loss: 1.5587 | Val Acc: 0.4789
Epoch [60/90] Train Loss: 1.2809 | Train Acc: 0.5546 | Val Loss: 1.5767 | Val Acc: 0.4739
Epoch [61/90] Train Loss: 1.2515 | Train Acc: 0.5568 | Val Loss: 1.5258 | Val Acc: 0.4836
Epoch [62/90] Train Loss: 1.2165 | Train Acc: 0.5731 | Val Loss: 1.4965 | Val Acc: 0.5054
Epoch [63/90] Train Loss: 1.1996 | Train Acc: 0.5806 | Val Loss: 1.5584 | Val Acc: 0.5036
Epoch [64/90] Train Loss: 1.1320 | Train Acc: 0.6022 | Val Loss: 1.4925 | Val Acc: 0.5161
Epoch [65/90] Train Loss: 1.0921 | Train Acc: 0.6208 | Val Loss: 1.4992 | Val Acc: 0.5107
Epoch [66/90] Train Loss: 1.0558 | Train Acc: 0.6329 | Val Loss: 1.4367 | Val Acc: 0.5379
Epoch [67/90] Train Loss: 1.0381 | Train Acc: 0.6413 | Val Loss: 1.4813 | Val Acc: 0.5204
Epoch [68/90] Train Loss: 0.9849 | Train Acc: 0.6623 | Val Loss: 1.4506 | Val Acc: 0.5375
Epoch [69/90] Train Loss: 0.9302 | Train Acc: 0.6773 | Val Loss: 1.4207 | Val Acc: 0.5554
Epoch [70/90] Train Loss: 0.9286 | Train Acc: 0.6795 | Val Loss: 1.4591 | Val Acc: 0.5468
Epoch [71/90] Train Loss: 0.8666 | Train Acc: 0.6961 | Val Loss: 1.4583 | Val Acc: 0.5396
Epoch [72/90] Train Loss: 0.8108 | Train Acc: 0.7138 | Val Loss: 1.4658 | Val Acc: 0.5579
Epoch [73/90] Train Loss: 0.8016 | Train Acc: 0.7176 | Val Loss: 1.5884 | Val Acc: 0.5554
Epoch [74/90] Train Loss: 0.7787 | Train Acc: 0.7298 | Val Loss: 1.5480 | Val Acc: 0.5379
Epoch [75/90] Train Loss: 0.7107 | Train Acc: 0.7541 | Val Loss: 1.5333 | Val Acc: 0.5386
Epoch [76/90] Train Loss: 0.6697 | Train Acc: 0.7675 | Val Loss: 1.7157 | Val Acc: 0.5532
Epoch [77/90] Train Loss: 0.6454 | Train Acc: 0.7746 | Val Loss: 1.7017 | Val Acc: 0.5486
Epoch [78/90] Train Loss: 0.6152 | Train Acc: 0.7902 | Val Loss: 1.6961 | Val Acc: 0.5671
Epoch [79/90] Train Loss: 0.5573 | Train Acc: 0.8041 | Val Loss: 1.8465 | Val Acc: 0.5071
Epoch [80/90] Train Loss: 0.5422 | Train Acc: 0.8095 | Val Loss: 1.6205 | Val Acc: 0.5707
Epoch [81/90] Train Loss: 0.5051 | Train Acc: 0.8267 | Val Loss: 1.8303 | Val Acc: 0.5504
Epoch [82/90] Train Loss: 0.4540 | Train Acc: 0.8431 | Val Loss: 1.8850 | Val Acc: 0.5600
Epoch [83/90] Train Loss: 0.4175 | Train Acc: 0.8577 | Val Loss: 1.8211 | Val Acc: 0.5679
Epoch [84/90] Train Loss: 0.4065 | Train Acc: 0.8597 | Val Loss: 2.2886 | Val Acc: 0.5136
Epoch [85/90] Train Loss: 0.3286 | Train Acc: 0.8836 | Val Loss: 1.8932 | Val Acc: 0.5800
Epoch [86/90] Train Loss: 0.3373 | Train Acc: 0.8796 | Val Loss: 2.0408 | Val Acc: 0.5593
Epoch [87/90] Train Loss: 0.3226 | Train Acc: 0.8888 | Val Loss: 2.1441 | Val Acc: 0.5604
Epoch [88/90] Train Loss: 0.3067 | Train Acc: 0.8964 | Val Loss: 2.2375 | Val Acc: 0.5393
Epoch [89/90] Train Loss: 0.2902 | Train Acc: 0.9017 | Val Loss: 2.3227 | Val Acc: 0.5629
Epoch [90/90] Train Loss: 0.2476 | Train Acc: 0.9158 | Val Loss: 2.0671 | Val Acc: 0.5718
Finished training in 1209.429 seconds
