Using device: cuda | num_classes=14
Label mapping: {0: 0, 1: 1, 6: 2, 7: 3, 9: 4, 12: 5, 14: 6, 15: 7, 16: 8, 24: 9, 30: 10, 31: 11, 32: 12, 33: 13}
Params set by AI: DeviceGroupedConvFwdMultipleABD_Xdl_CShuffle<256, 128, 64, 16, OddC, 32, 32, 2, 1, 4, 4, 4, 1, 1, 1>
Params set by AI: DeviceGroupedConvFwdMultipleABD_Xdl_CShuffle<256, 128, 128, 16, Default, 32, 32, 2, 2, 1, 1, 4, 1, 1, 1>
Epoch [1/90] Train Loss: 2.6392 | Train Acc: 0.0675 | Val Loss: 2.6390 | Val Acc: 0.0721
Epoch [2/90] Train Loss: 2.6392 | Train Acc: 0.0685 | Val Loss: 2.6390 | Val Acc: 0.0839
Epoch [3/90] Train Loss: 2.6391 | Train Acc: 0.0698 | Val Loss: 2.6389 | Val Acc: 0.0779
Epoch [4/90] Train Loss: 2.6391 | Train Acc: 0.0757 | Val Loss: 2.6388 | Val Acc: 0.0804
Epoch [5/90] Train Loss: 2.6390 | Train Acc: 0.0712 | Val Loss: 2.6388 | Val Acc: 0.0986
Epoch [6/90] Train Loss: 2.6389 | Train Acc: 0.0758 | Val Loss: 2.6387 | Val Acc: 0.1114
Epoch [7/90] Train Loss: 2.6388 | Train Acc: 0.0824 | Val Loss: 2.6386 | Val Acc: 0.1093
Epoch [8/90] Train Loss: 2.6387 | Train Acc: 0.0804 | Val Loss: 2.6385 | Val Acc: 0.0836
Epoch [9/90] Train Loss: 2.6386 | Train Acc: 0.0904 | Val Loss: 2.6383 | Val Acc: 0.1043
Epoch [10/90] Train Loss: 2.6385 | Train Acc: 0.0862 | Val Loss: 2.6382 | Val Acc: 0.1154
Epoch [11/90] Train Loss: 2.6383 | Train Acc: 0.0960 | Val Loss: 2.6379 | Val Acc: 0.0907
Epoch [12/90] Train Loss: 2.6380 | Train Acc: 0.1005 | Val Loss: 2.6376 | Val Acc: 0.1146
Epoch [13/90] Train Loss: 2.6376 | Train Acc: 0.1040 | Val Loss: 2.6372 | Val Acc: 0.0968
Epoch [14/90] Train Loss: 2.6372 | Train Acc: 0.0985 | Val Loss: 2.6364 | Val Acc: 0.1111
Epoch [15/90] Train Loss: 2.6364 | Train Acc: 0.1026 | Val Loss: 2.6353 | Val Acc: 0.1211
Epoch [16/90] Train Loss: 2.6348 | Train Acc: 0.0887 | Val Loss: 2.6328 | Val Acc: 0.0975
Epoch [17/90] Train Loss: 2.6293 | Train Acc: 0.0910 | Val Loss: 2.6241 | Val Acc: 0.0789
Epoch [18/90] Train Loss: 2.6159 | Train Acc: 0.0863 | Val Loss: 2.6111 | Val Acc: 0.0904
Epoch [19/90] Train Loss: 2.6020 | Train Acc: 0.0977 | Val Loss: 2.5949 | Val Acc: 0.1011
Epoch [20/90] Train Loss: 2.5798 | Train Acc: 0.1081 | Val Loss: 2.5618 | Val Acc: 0.1011
Epoch [21/90] Train Loss: 2.5291 | Train Acc: 0.1087 | Val Loss: 2.5040 | Val Acc: 0.1071
Epoch [22/90] Train Loss: 2.4883 | Train Acc: 0.1163 | Val Loss: 2.4746 | Val Acc: 0.1018
Epoch [23/90] Train Loss: 2.4577 | Train Acc: 0.1154 | Val Loss: 2.4465 | Val Acc: 0.1257
Epoch [24/90] Train Loss: 2.4216 | Train Acc: 0.1319 | Val Loss: 2.4095 | Val Acc: 0.1454
Epoch [25/90] Train Loss: 2.3902 | Train Acc: 0.1418 | Val Loss: 2.3647 | Val Acc: 0.1629
Epoch [26/90] Train Loss: 2.3504 | Train Acc: 0.1630 | Val Loss: 2.3391 | Val Acc: 0.1896
Epoch [27/90] Train Loss: 2.3069 | Train Acc: 0.1895 | Val Loss: 2.2538 | Val Acc: 0.2232
Epoch [28/90] Train Loss: 2.2456 | Train Acc: 0.2116 | Val Loss: 2.2288 | Val Acc: 0.2286
Epoch [29/90] Train Loss: 2.2148 | Train Acc: 0.2155 | Val Loss: 2.1778 | Val Acc: 0.2411
Epoch [30/90] Train Loss: 2.2027 | Train Acc: 0.2229 | Val Loss: 2.2915 | Val Acc: 0.2132
Epoch [31/90] Train Loss: 2.1775 | Train Acc: 0.2335 | Val Loss: 2.1668 | Val Acc: 0.2507
Epoch [32/90] Train Loss: 2.1645 | Train Acc: 0.2387 | Val Loss: 2.1697 | Val Acc: 0.2446
Epoch [33/90] Train Loss: 2.1435 | Train Acc: 0.2471 | Val Loss: 2.1753 | Val Acc: 0.2568
Epoch [34/90] Train Loss: 2.1253 | Train Acc: 0.2618 | Val Loss: 2.1326 | Val Acc: 0.2600
Epoch [35/90] Train Loss: 2.1063 | Train Acc: 0.2652 | Val Loss: 2.0781 | Val Acc: 0.2739
Epoch [36/90] Train Loss: 2.0734 | Train Acc: 0.2802 | Val Loss: 2.0254 | Val Acc: 0.2957
Epoch [37/90] Train Loss: 2.0527 | Train Acc: 0.2879 | Val Loss: 2.0197 | Val Acc: 0.3093
Epoch [38/90] Train Loss: 2.0026 | Train Acc: 0.3010 | Val Loss: 1.9719 | Val Acc: 0.3225
Epoch [39/90] Train Loss: 2.0038 | Train Acc: 0.3089 | Val Loss: 2.2054 | Val Acc: 0.2636
Epoch [40/90] Train Loss: 1.9670 | Train Acc: 0.3205 | Val Loss: 1.9223 | Val Acc: 0.3261
Epoch [41/90] Train Loss: 1.9453 | Train Acc: 0.3260 | Val Loss: 1.9797 | Val Acc: 0.3164
Epoch [42/90] Train Loss: 1.9254 | Train Acc: 0.3382 | Val Loss: 1.9552 | Val Acc: 0.3336
Epoch [43/90] Train Loss: 1.9033 | Train Acc: 0.3464 | Val Loss: 1.8573 | Val Acc: 0.3561
Epoch [44/90] Train Loss: 1.8686 | Train Acc: 0.3531 | Val Loss: 1.8275 | Val Acc: 0.3732
Epoch [45/90] Train Loss: 1.8782 | Train Acc: 0.3491 | Val Loss: 1.8614 | Val Acc: 0.3611
Epoch [46/90] Train Loss: 1.8496 | Train Acc: 0.3571 | Val Loss: 1.8452 | Val Acc: 0.3796
Epoch [47/90] Train Loss: 1.8097 | Train Acc: 0.3733 | Val Loss: 1.8005 | Val Acc: 0.3729
Epoch [48/90] Train Loss: 1.7637 | Train Acc: 0.3908 | Val Loss: 1.8440 | Val Acc: 0.3704
Epoch [49/90] Train Loss: 1.7513 | Train Acc: 0.3931 | Val Loss: 1.7570 | Val Acc: 0.3939
Epoch [50/90] Train Loss: 1.7243 | Train Acc: 0.3987 | Val Loss: 1.6988 | Val Acc: 0.4111
Epoch [51/90] Train Loss: 1.6779 | Train Acc: 0.4158 | Val Loss: 1.6941 | Val Acc: 0.4032
Epoch [52/90] Train Loss: 1.6628 | Train Acc: 0.4186 | Val Loss: 1.7041 | Val Acc: 0.4246
Epoch [53/90] Train Loss: 1.6539 | Train Acc: 0.4270 | Val Loss: 1.8055 | Val Acc: 0.3961
Epoch [54/90] Train Loss: 1.6120 | Train Acc: 0.4337 | Val Loss: 1.6610 | Val Acc: 0.4343
Epoch [55/90] Train Loss: 1.5956 | Train Acc: 0.4432 | Val Loss: 1.6929 | Val Acc: 0.4200
Epoch [56/90] Train Loss: 1.5726 | Train Acc: 0.4537 | Val Loss: 1.5856 | Val Acc: 0.4500
Epoch [57/90] Train Loss: 1.5371 | Train Acc: 0.4662 | Val Loss: 1.6413 | Val Acc: 0.4404
Epoch [58/90] Train Loss: 1.5087 | Train Acc: 0.4787 | Val Loss: 1.6053 | Val Acc: 0.4482
Epoch [59/90] Train Loss: 1.4991 | Train Acc: 0.4814 | Val Loss: 1.5949 | Val Acc: 0.4475
Epoch [60/90] Train Loss: 1.4514 | Train Acc: 0.4970 | Val Loss: 1.6472 | Val Acc: 0.4443
Epoch [61/90] Train Loss: 1.4489 | Train Acc: 0.5037 | Val Loss: 1.7893 | Val Acc: 0.4268
Epoch [62/90] Train Loss: 1.3929 | Train Acc: 0.5206 | Val Loss: 1.6506 | Val Acc: 0.4643
Epoch [63/90] Train Loss: 1.3795 | Train Acc: 0.5206 | Val Loss: 1.4839 | Val Acc: 0.5114
Epoch [64/90] Train Loss: 1.3497 | Train Acc: 0.5354 | Val Loss: 1.5272 | Val Acc: 0.4896
Epoch [65/90] Train Loss: 1.3291 | Train Acc: 0.5452 | Val Loss: 1.4490 | Val Acc: 0.5129
Epoch [66/90] Train Loss: 1.2928 | Train Acc: 0.5549 | Val Loss: 1.6154 | Val Acc: 0.4743
Epoch [67/90] Train Loss: 1.2467 | Train Acc: 0.5752 | Val Loss: 1.3675 | Val Acc: 0.5486
Epoch [68/90] Train Loss: 1.2244 | Train Acc: 0.5758 | Val Loss: 1.4778 | Val Acc: 0.5121
Epoch [69/90] Train Loss: 1.1903 | Train Acc: 0.5899 | Val Loss: 1.4083 | Val Acc: 0.5407
Epoch [70/90] Train Loss: 1.1554 | Train Acc: 0.6087 | Val Loss: 1.4523 | Val Acc: 0.5250
Epoch [71/90] Train Loss: 1.1279 | Train Acc: 0.6162 | Val Loss: 1.3973 | Val Acc: 0.5304
Epoch [72/90] Train Loss: 1.1048 | Train Acc: 0.6254 | Val Loss: 1.3204 | Val Acc: 0.5550
Epoch [73/90] Train Loss: 1.0806 | Train Acc: 0.6331 | Val Loss: 1.3360 | Val Acc: 0.5525
Epoch [74/90] Train Loss: 1.0227 | Train Acc: 0.6544 | Val Loss: 1.3576 | Val Acc: 0.5671
Epoch [75/90] Train Loss: 1.0184 | Train Acc: 0.6532 | Val Loss: 1.5673 | Val Acc: 0.5114
Epoch [76/90] Train Loss: 0.9806 | Train Acc: 0.6623 | Val Loss: 1.2868 | Val Acc: 0.5768
Epoch [77/90] Train Loss: 0.9398 | Train Acc: 0.6783 | Val Loss: 1.4091 | Val Acc: 0.5529
Epoch [78/90] Train Loss: 0.9038 | Train Acc: 0.6934 | Val Loss: 1.3440 | Val Acc: 0.5618
Epoch [79/90] Train Loss: 0.8727 | Train Acc: 0.6982 | Val Loss: 1.2652 | Val Acc: 0.5839
Epoch [80/90] Train Loss: 0.8383 | Train Acc: 0.7125 | Val Loss: 1.3800 | Val Acc: 0.5779
Epoch [81/90] Train Loss: 0.8112 | Train Acc: 0.7172 | Val Loss: 1.4647 | Val Acc: 0.5736
Epoch [82/90] Train Loss: 0.7650 | Train Acc: 0.7366 | Val Loss: 1.5686 | Val Acc: 0.5414
Epoch [83/90] Train Loss: 0.7324 | Train Acc: 0.7515 | Val Loss: 1.5095 | Val Acc: 0.5607
Epoch [84/90] Train Loss: 0.7343 | Train Acc: 0.7487 | Val Loss: 1.3899 | Val Acc: 0.5864
Epoch [85/90] Train Loss: 0.6848 | Train Acc: 0.7684 | Val Loss: 1.3074 | Val Acc: 0.6068
Epoch [86/90] Train Loss: 0.6559 | Train Acc: 0.7757 | Val Loss: 1.3838 | Val Acc: 0.5921
Epoch [87/90] Train Loss: 0.6258 | Train Acc: 0.7866 | Val Loss: 1.6094 | Val Acc: 0.5546
Epoch [88/90] Train Loss: 0.5626 | Train Acc: 0.8059 | Val Loss: 1.5071 | Val Acc: 0.5918
Epoch [89/90] Train Loss: 0.5601 | Train Acc: 0.8057 | Val Loss: 1.5035 | Val Acc: 0.5893
Epoch [90/90] Train Loss: 0.5059 | Train Acc: 0.8270 | Val Loss: 1.5224 | Val Acc: 0.6018
Finished training in 1151.506 seconds
